{"/Users/simonhoyos/Documents/makeitreal/top/top-v6/testing/tasks/frontend/src/App.js": {"path":"/Users/simonhoyos/Documents/makeitreal/top/top-v6/testing/tasks/frontend/src/App.js","statementMap":{"0":{"start":{"line":16,"column":16},"end":{"line":16,"column":45}},"1":{"start":{"line":18,"column":2},"end":{"line":18,"column":45}},"2":{"start":{"line":18,"column":13},"end":{"line":18,"column":45}},"3":{"start":{"line":19,"column":2},"end":{"line":21,"column":4}},"4":{"start":{"line":25,"column":2},"end":{"line":46,"column":4}}},"fnMap":{"0":{"name":"PrivateRoute","decl":{"start":{"line":15,"column":9},"end":{"line":15,"column":21}},"loc":{"start":{"line":15,"column":29},"end":{"line":22,"column":1}},"line":15},"1":{"name":"App","decl":{"start":{"line":24,"column":9},"end":{"line":24,"column":12}},"loc":{"start":{"line":24,"column":15},"end":{"line":47,"column":1}},"line":24}},"branchMap":{"0":{"loc":{"start":{"line":18,"column":2},"end":{"line":18,"column":45}},"type":"if","locations":[{"start":{"line":18,"column":2},"end":{"line":18,"column":45}},{"start":{"line":18,"column":2},"end":{"line":18,"column":45}}],"line":18}},"s":{"0":0,"1":0,"2":0,"3":0,"4":0},"f":{"0":0,"1":0},"b":{"0":[0,0]},"hash":"fab050ced79eba30bbc155cbae15866ad500d500"}
,"/Users/simonhoyos/Documents/makeitreal/top/top-v6/testing/tasks/frontend/src/index.js": {"path":"/Users/simonhoyos/Documents/makeitreal/top/top-v6/testing/tasks/frontend/src/index.js","statementMap":{"0":{"start":{"line":8,"column":0},"end":{"line":15,"column":2}},"1":{"start":{"line":20,"column":0},"end":{"line":20,"column":27}}},"fnMap":{},"branchMap":{},"s":{"0":0,"1":0},"f":{},"b":{},"hash":"a5b5a61f9a92af680ab640d160539bf54f3176d9"}
,"/Users/simonhoyos/Documents/makeitreal/top/top-v6/testing/tasks/frontend/src/serviceWorker.js": {"path":"/Users/simonhoyos/Documents/makeitreal/top/top-v6/testing/tasks/frontend/src/serviceWorker.js","statementMap":{"0":{"start":{"line":13,"column":20},"end":{"line":21,"column":1}},"1":{"start":{"line":24,"column":2},"end":{"line":54,"column":3}},"2":{"start":{"line":26,"column":22},"end":{"line":26,"column":75}},"3":{"start":{"line":27,"column":4},"end":{"line":32,"column":5}},"4":{"start":{"line":31,"column":6},"end":{"line":31,"column":13}},"5":{"start":{"line":34,"column":4},"end":{"line":53,"column":7}},"6":{"start":{"line":35,"column":20},"end":{"line":35,"column":65}},"7":{"start":{"line":37,"column":6},"end":{"line":52,"column":7}},"8":{"start":{"line":39,"column":8},"end":{"line":39,"column":47}},"9":{"start":{"line":43,"column":8},"end":{"line":48,"column":11}},"10":{"start":{"line":44,"column":10},"end":{"line":47,"column":12}},"11":{"start":{"line":51,"column":8},"end":{"line":51,"column":39}},"12":{"start":{"line":58,"column":2},"end":{"line":98,"column":7}},"13":{"start":{"line":61,"column":6},"end":{"line":94,"column":8}},"14":{"start":{"line":62,"column":33},"end":{"line":62,"column":56}},"15":{"start":{"line":63,"column":8},"end":{"line":65,"column":9}},"16":{"start":{"line":64,"column":10},"end":{"line":64,"column":17}},"17":{"start":{"line":66,"column":8},"end":{"line":93,"column":10}},"18":{"start":{"line":67,"column":10},"end":{"line":92,"column":11}},"19":{"start":{"line":68,"column":12},"end":{"line":91,"column":13}},"20":{"start":{"line":72,"column":14},"end":{"line":75,"column":16}},"21":{"start":{"line":78,"column":14},"end":{"line":80,"column":15}},"22":{"start":{"line":79,"column":16},"end":{"line":79,"column":46}},"23":{"start":{"line":85,"column":14},"end":{"line":85,"column":64}},"24":{"start":{"line":88,"column":14},"end":{"line":90,"column":15}},"25":{"start":{"line":89,"column":16},"end":{"line":89,"column":47}},"26":{"start":{"line":97,"column":6},"end":{"line":97,"column":72}},"27":{"start":{"line":103,"column":2},"end":{"line":128,"column":7}},"28":{"start":{"line":108,"column":26},"end":{"line":108,"column":62}},"29":{"start":{"line":109,"column":6},"end":{"line":122,"column":7}},"30":{"start":{"line":114,"column":8},"end":{"line":118,"column":11}},"31":{"start":{"line":115,"column":10},"end":{"line":117,"column":13}},"32":{"start":{"line":116,"column":12},"end":{"line":116,"column":37}},"33":{"start":{"line":121,"column":8},"end":{"line":121,"column":39}},"34":{"start":{"line":125,"column":6},"end":{"line":127,"column":8}},"35":{"start":{"line":132,"column":2},"end":{"line":140,"column":3}},"36":{"start":{"line":133,"column":4},"end":{"line":139,"column":9}},"37":{"start":{"line":135,"column":8},"end":{"line":135,"column":34}},"38":{"start":{"line":138,"column":8},"end":{"line":138,"column":37}}},"fnMap":{"0":{"name":"register","decl":{"start":{"line":23,"column":16},"end":{"line":23,"column":24}},"loc":{"start":{"line":23,"column":33},"end":{"line":55,"column":1}},"line":23},"1":{"name":"(anonymous_1)","decl":{"start":{"line":34,"column":36},"end":{"line":34,"column":37}},"loc":{"start":{"line":34,"column":42},"end":{"line":53,"column":5}},"line":34},"2":{"name":"(anonymous_2)","decl":{"start":{"line":43,"column":43},"end":{"line":43,"column":44}},"loc":{"start":{"line":43,"column":49},"end":{"line":48,"column":9}},"line":43},"3":{"name":"registerValidSW","decl":{"start":{"line":57,"column":9},"end":{"line":57,"column":24}},"loc":{"start":{"line":57,"column":40},"end":{"line":99,"column":1}},"line":57},"4":{"name":"(anonymous_4)","decl":{"start":{"line":60,"column":10},"end":{"line":60,"column":11}},"loc":{"start":{"line":60,"column":26},"end":{"line":95,"column":5}},"line":60},"5":{"name":"(anonymous_5)","decl":{"start":{"line":61,"column":35},"end":{"line":61,"column":36}},"loc":{"start":{"line":61,"column":41},"end":{"line":94,"column":7}},"line":61},"6":{"name":"(anonymous_6)","decl":{"start":{"line":66,"column":41},"end":{"line":66,"column":42}},"loc":{"start":{"line":66,"column":47},"end":{"line":93,"column":9}},"line":66},"7":{"name":"(anonymous_7)","decl":{"start":{"line":96,"column":11},"end":{"line":96,"column":12}},"loc":{"start":{"line":96,"column":20},"end":{"line":98,"column":5}},"line":96},"8":{"name":"checkValidServiceWorker","decl":{"start":{"line":101,"column":9},"end":{"line":101,"column":32}},"loc":{"start":{"line":101,"column":48},"end":{"line":129,"column":1}},"line":101},"9":{"name":"(anonymous_9)","decl":{"start":{"line":106,"column":10},"end":{"line":106,"column":11}},"loc":{"start":{"line":106,"column":22},"end":{"line":123,"column":5}},"line":106},"10":{"name":"(anonymous_10)","decl":{"start":{"line":114,"column":43},"end":{"line":114,"column":44}},"loc":{"start":{"line":114,"column":59},"end":{"line":118,"column":9}},"line":114},"11":{"name":"(anonymous_11)","decl":{"start":{"line":115,"column":41},"end":{"line":115,"column":42}},"loc":{"start":{"line":115,"column":47},"end":{"line":117,"column":11}},"line":115},"12":{"name":"(anonymous_12)","decl":{"start":{"line":124,"column":11},"end":{"line":124,"column":12}},"loc":{"start":{"line":124,"column":17},"end":{"line":128,"column":5}},"line":124},"13":{"name":"unregister","decl":{"start":{"line":131,"column":16},"end":{"line":131,"column":26}},"loc":{"start":{"line":131,"column":29},"end":{"line":141,"column":1}},"line":131},"14":{"name":"(anonymous_14)","decl":{"start":{"line":134,"column":12},"end":{"line":134,"column":13}},"loc":{"start":{"line":134,"column":28},"end":{"line":136,"column":7}},"line":134},"15":{"name":"(anonymous_15)","decl":{"start":{"line":137,"column":13},"end":{"line":137,"column":14}},"loc":{"start":{"line":137,"column":22},"end":{"line":139,"column":7}},"line":137}},"branchMap":{"0":{"loc":{"start":{"line":14,"column":2},"end":{"line":20,"column":5}},"type":"binary-expr","locations":[{"start":{"line":14,"column":2},"end":{"line":14,"column":42}},{"start":{"line":16,"column":4},"end":{"line":16,"column":40}},{"start":{"line":18,"column":4},"end":{"line":20,"column":5}}],"line":14},"1":{"loc":{"start":{"line":24,"column":2},"end":{"line":54,"column":3}},"type":"if","locations":[{"start":{"line":24,"column":2},"end":{"line":54,"column":3}},{"start":{"line":24,"column":2},"end":{"line":54,"column":3}}],"line":24},"2":{"loc":{"start":{"line":24,"column":6},"end":{"line":24,"column":75}},"type":"binary-expr","locations":[{"start":{"line":24,"column":6},"end":{"line":24,"column":43}},{"start":{"line":24,"column":47},"end":{"line":24,"column":75}}],"line":24},"3":{"loc":{"start":{"line":27,"column":4},"end":{"line":32,"column":5}},"type":"if","locations":[{"start":{"line":27,"column":4},"end":{"line":32,"column":5}},{"start":{"line":27,"column":4},"end":{"line":32,"column":5}}],"line":27},"4":{"loc":{"start":{"line":37,"column":6},"end":{"line":52,"column":7}},"type":"if","locations":[{"start":{"line":37,"column":6},"end":{"line":52,"column":7}},{"start":{"line":37,"column":6},"end":{"line":52,"column":7}}],"line":37},"5":{"loc":{"start":{"line":63,"column":8},"end":{"line":65,"column":9}},"type":"if","locations":[{"start":{"line":63,"column":8},"end":{"line":65,"column":9}},{"start":{"line":63,"column":8},"end":{"line":65,"column":9}}],"line":63},"6":{"loc":{"start":{"line":67,"column":10},"end":{"line":92,"column":11}},"type":"if","locations":[{"start":{"line":67,"column":10},"end":{"line":92,"column":11}},{"start":{"line":67,"column":10},"end":{"line":92,"column":11}}],"line":67},"7":{"loc":{"start":{"line":68,"column":12},"end":{"line":91,"column":13}},"type":"if","locations":[{"start":{"line":68,"column":12},"end":{"line":91,"column":13}},{"start":{"line":68,"column":12},"end":{"line":91,"column":13}}],"line":68},"8":{"loc":{"start":{"line":78,"column":14},"end":{"line":80,"column":15}},"type":"if","locations":[{"start":{"line":78,"column":14},"end":{"line":80,"column":15}},{"start":{"line":78,"column":14},"end":{"line":80,"column":15}}],"line":78},"9":{"loc":{"start":{"line":78,"column":18},"end":{"line":78,"column":43}},"type":"binary-expr","locations":[{"start":{"line":78,"column":18},"end":{"line":78,"column":24}},{"start":{"line":78,"column":28},"end":{"line":78,"column":43}}],"line":78},"10":{"loc":{"start":{"line":88,"column":14},"end":{"line":90,"column":15}},"type":"if","locations":[{"start":{"line":88,"column":14},"end":{"line":90,"column":15}},{"start":{"line":88,"column":14},"end":{"line":90,"column":15}}],"line":88},"11":{"loc":{"start":{"line":88,"column":18},"end":{"line":88,"column":44}},"type":"binary-expr","locations":[{"start":{"line":88,"column":18},"end":{"line":88,"column":24}},{"start":{"line":88,"column":28},"end":{"line":88,"column":44}}],"line":88},"12":{"loc":{"start":{"line":109,"column":6},"end":{"line":122,"column":7}},"type":"if","locations":[{"start":{"line":109,"column":6},"end":{"line":122,"column":7}},{"start":{"line":109,"column":6},"end":{"line":122,"column":7}}],"line":109},"13":{"loc":{"start":{"line":110,"column":8},"end":{"line":111,"column":73}},"type":"binary-expr","locations":[{"start":{"line":110,"column":8},"end":{"line":110,"column":31}},{"start":{"line":111,"column":9},"end":{"line":111,"column":28}},{"start":{"line":111,"column":32},"end":{"line":111,"column":72}}],"line":110},"14":{"loc":{"start":{"line":132,"column":2},"end":{"line":140,"column":3}},"type":"if","locations":[{"start":{"line":132,"column":2},"end":{"line":140,"column":3}},{"start":{"line":132,"column":2},"end":{"line":140,"column":3}}],"line":132}},"s":{"0":0,"1":0,"2":0,"3":0,"4":0,"5":0,"6":0,"7":0,"8":0,"9":0,"10":0,"11":0,"12":0,"13":0,"14":0,"15":0,"16":0,"17":0,"18":0,"19":0,"20":0,"21":0,"22":0,"23":0,"24":0,"25":0,"26":0,"27":0,"28":0,"29":0,"30":0,"31":0,"32":0,"33":0,"34":0,"35":0,"36":0,"37":0,"38":0},"f":{"0":0,"1":0,"2":0,"3":0,"4":0,"5":0,"6":0,"7":0,"8":0,"9":0,"10":0,"11":0,"12":0,"13":0,"14":0,"15":0},"b":{"0":[0,0,0],"1":[0,0],"2":[0,0],"3":[0,0],"4":[0,0],"5":[0,0],"6":[0,0],"7":[0,0],"8":[0,0],"9":[0,0],"10":[0,0],"11":[0,0],"12":[0,0],"13":[0,0,0],"14":[0,0]},"hash":"3715eb812904b7a15073052bbefe135f7a6b114d"}
,"/Users/simonhoyos/Documents/makeitreal/top/top-v6/testing/tasks/frontend/src/components/NavBar.js": {"path":"/Users/simonhoyos/Documents/makeitreal/top/top-v6/testing/tasks/frontend/src/components/NavBar.js","statementMap":{"0":{"start":{"line":5,"column":16},"end":{"line":5,"column":45}},"1":{"start":{"line":7,"column":2},"end":{"line":31,"column":3}}},"fnMap":{"0":{"name":"NavBar","decl":{"start":{"line":4,"column":16},"end":{"line":4,"column":22}},"loc":{"start":{"line":4,"column":25},"end":{"line":32,"column":1}},"line":4}},"branchMap":{"0":{"loc":{"start":{"line":10,"column":9},"end":{"line":28,"column":9}},"type":"cond-expr","locations":[{"start":{"line":11,"column":10},"end":{"line":18,"column":13}},{"start":{"line":20,"column":10},"end":{"line":27,"column":13}}],"line":10}},"s":{"0":0,"1":0},"f":{"0":0},"b":{"0":[0,0]},"hash":"cb70968a2b421709e9546379cbcb5b21449635ca"}
,"/Users/simonhoyos/Documents/makeitreal/top/top-v6/testing/tasks/frontend/src/components/Task.js": {"path":"/Users/simonhoyos/Documents/makeitreal/top/top-v6/testing/tasks/frontend/src/components/Task.js","statementMap":{"0":{"start":{"line":13,"column":4},"end":{"line":13,"column":21}},"1":{"start":{"line":17,"column":4},"end":{"line":17,"column":19}},"2":{"start":{"line":20,"column":2},"end":{"line":39,"column":4}},"3":{"start":{"line":42,"column":27},"end":{"line":45,"column":1}}},"fnMap":{"0":{"name":"Task","decl":{"start":{"line":5,"column":9},"end":{"line":5,"column":13}},"loc":{"start":{"line":11,"column":3},"end":{"line":40,"column":1}},"line":11},"1":{"name":"handleComplete","decl":{"start":{"line":12,"column":11},"end":{"line":12,"column":25}},"loc":{"start":{"line":12,"column":28},"end":{"line":14,"column":3}},"line":12},"2":{"name":"handleDelete","decl":{"start":{"line":16,"column":11},"end":{"line":16,"column":23}},"loc":{"start":{"line":16,"column":26},"end":{"line":18,"column":3}},"line":16}},"branchMap":{"0":{"loc":{"start":{"line":23,"column":36},"end":{"line":23,"column":70}},"type":"cond-expr","locations":[{"start":{"line":23,"column":43},"end":{"line":23,"column":54}},{"start":{"line":23,"column":57},"end":{"line":23,"column":70}}],"line":23},"1":{"loc":{"start":{"line":29,"column":17},"end":{"line":29,"column":51}},"type":"cond-expr","locations":[{"start":{"line":29,"column":24},"end":{"line":29,"column":37}},{"start":{"line":29,"column":40},"end":{"line":29,"column":51}}],"line":29}},"s":{"0":0,"1":0,"2":0,"3":1},"f":{"0":0,"1":0,"2":0},"b":{"0":[0,0],"1":[0,0]},"_coverageSchema":"43e27e138ebf9cfc5966b082cf9a028302ed4184","hash":"ed1fb849d75ebd1048a11e2d5cb24a310c851f06"}
,"/Users/simonhoyos/Documents/makeitreal/top/top-v6/testing/tasks/frontend/src/components/TaskForm.js": {"path":"/Users/simonhoyos/Documents/makeitreal/top/top-v6/testing/tasks/frontend/src/components/TaskForm.js","statementMap":{"0":{"start":{"line":4,"column":2},"end":{"line":16,"column":3}}},"fnMap":{"0":{"name":"TaskForm","decl":{"start":{"line":3,"column":16},"end":{"line":3,"column":24}},"loc":{"start":{"line":3,"column":63},"end":{"line":17,"column":1}},"line":3}},"branchMap":{},"s":{"0":0},"f":{"0":0},"b":{},"hash":"77af4341681b57dfe538b20bee9531833f401099"}
,"/Users/simonhoyos/Documents/makeitreal/top/top-v6/testing/tasks/frontend/src/components/Tasks.js": {"path":"/Users/simonhoyos/Documents/makeitreal/top/top-v6/testing/tasks/frontend/src/components/Tasks.js","statementMap":{"0":{"start":{"line":8,"column":2},"end":{"line":10,"column":17}},"1":{"start":{"line":9,"column":4},"end":{"line":9,"column":15}},"2":{"start":{"line":12,"column":2},"end":{"line":27,"column":3}},"3":{"start":{"line":19,"column":8},"end":{"line":24,"column":10}},"4":{"start":{"line":31,"column":2},"end":{"line":31,"column":19}},"5":{"start":{"line":34,"column":27},"end":{"line":36,"column":1}}},"fnMap":{"0":{"name":"Tasks","decl":{"start":{"line":7,"column":9},"end":{"line":7,"column":14}},"loc":{"start":{"line":7,"column":36},"end":{"line":28,"column":1}},"line":7},"1":{"name":"(anonymous_1)","decl":{"start":{"line":8,"column":12},"end":{"line":8,"column":13}},"loc":{"start":{"line":8,"column":18},"end":{"line":10,"column":3}},"line":8},"2":{"name":"(anonymous_2)","decl":{"start":{"line":18,"column":46},"end":{"line":18,"column":47}},"loc":{"start":{"line":19,"column":8},"end":{"line":24,"column":10}},"line":19},"3":{"name":"mapStateToProps","decl":{"start":{"line":30,"column":9},"end":{"line":30,"column":24}},"loc":{"start":{"line":30,"column":54},"end":{"line":32,"column":1}},"line":30}},"branchMap":{"0":{"loc":{"start":{"line":15,"column":7},"end":{"line":17,"column":7}},"type":"binary-expr","locations":[{"start":{"line":15,"column":8},"end":{"line":15,"column":14}},{"start":{"line":15,"column":18},"end":{"line":15,"column":35}},{"start":{"line":16,"column":8},"end":{"line":16,"column":78}}],"line":15},"1":{"loc":{"start":{"line":18,"column":7},"end":{"line":25,"column":8}},"type":"binary-expr","locations":[{"start":{"line":18,"column":7},"end":{"line":18,"column":12}},{"start":{"line":18,"column":16},"end":{"line":18,"column":32}},{"start":{"line":18,"column":36},"end":{"line":25,"column":8}}],"line":18}},"s":{"0":1,"1":1,"2":1,"3":0,"4":1,"5":1},"f":{"0":1,"1":1,"2":0,"3":1},"b":{"0":[1,1,1],"1":[1,1,0]},"_coverageSchema":"43e27e138ebf9cfc5966b082cf9a028302ed4184","hash":"d836fa75b126725a75b80d90e25d59924d3d3c82"}
,"/Users/simonhoyos/Documents/makeitreal/top/top-v6/testing/tasks/frontend/src/components/UserForm.js": {"path":"/Users/simonhoyos/Documents/makeitreal/top/top-v6/testing/tasks/frontend/src/components/UserForm.js","statementMap":{"0":{"start":{"line":4,"column":2},"end":{"line":24,"column":3}}},"fnMap":{"0":{"name":"UserForm","decl":{"start":{"line":3,"column":16},"end":{"line":3,"column":24}},"loc":{"start":{"line":3,"column":74},"end":{"line":25,"column":1}},"line":3}},"branchMap":{},"s":{"0":0},"f":{"0":0},"b":{},"hash":"4d8c336213f500bf8ca7f56577a050548a2a3b71"}
,"/Users/simonhoyos/Documents/makeitreal/top/top-v6/testing/tasks/frontend/src/pages/Create.js": {"path":"/Users/simonhoyos/Documents/makeitreal/top/top-v6/testing/tasks/frontend/src/pages/Create.js","statementMap":{"0":{"start":{"line":13,"column":4},"end":{"line":13,"column":23}},"1":{"start":{"line":14,"column":4},"end":{"line":14,"column":25}},"2":{"start":{"line":17,"column":2},"end":{"line":26,"column":3}},"3":{"start":{"line":30,"column":2},"end":{"line":33,"column":4}},"4":{"start":{"line":36,"column":27},"end":{"line":39,"column":1}}},"fnMap":{"0":{"name":"Create","decl":{"start":{"line":6,"column":9},"end":{"line":6,"column":15}},"loc":{"start":{"line":11,"column":3},"end":{"line":27,"column":1}},"line":11},"1":{"name":"handleSubmit","decl":{"start":{"line":12,"column":11},"end":{"line":12,"column":23}},"loc":{"start":{"line":12,"column":27},"end":{"line":15,"column":3}},"line":12},"2":{"name":"mapStateToProps","decl":{"start":{"line":29,"column":9},"end":{"line":29,"column":24}},"loc":{"start":{"line":29,"column":61},"end":{"line":34,"column":1}},"line":29}},"branchMap":{"0":{"loc":{"start":{"line":24,"column":7},"end":{"line":24,"column":62}},"type":"binary-expr","locations":[{"start":{"line":24,"column":7},"end":{"line":24,"column":14}},{"start":{"line":24,"column":18},"end":{"line":24,"column":62}}],"line":24}},"s":{"0":0,"1":0,"2":0,"3":0,"4":0},"f":{"0":0,"1":0,"2":0},"b":{"0":[0,0]},"hash":"8b202454e4992f4a98a4e5a6514c9033b204c2a9"}
,"/Users/simonhoyos/Documents/makeitreal/top/top-v6/testing/tasks/frontend/src/pages/Home.js": {"path":"/Users/simonhoyos/Documents/makeitreal/top/top-v6/testing/tasks/frontend/src/pages/Home.js","statementMap":{"0":{"start":{"line":5,"column":2},"end":{"line":7,"column":4}}},"fnMap":{"0":{"name":"Home","decl":{"start":{"line":4,"column":9},"end":{"line":4,"column":13}},"loc":{"start":{"line":4,"column":16},"end":{"line":8,"column":1}},"line":4}},"branchMap":{},"s":{"0":1},"f":{"0":1},"b":{},"_coverageSchema":"43e27e138ebf9cfc5966b082cf9a028302ed4184","hash":"6f003588f6f7db8b041478f270a4d89fd912e09a"}
,"/Users/simonhoyos/Documents/makeitreal/top/top-v6/testing/tasks/frontend/src/pages/Signin.js": {"path":"/Users/simonhoyos/Documents/makeitreal/top/top-v6/testing/tasks/frontend/src/pages/Signin.js","statementMap":{"0":{"start":{"line":9,"column":4},"end":{"line":9,"column":23}},"1":{"start":{"line":10,"column":4},"end":{"line":10,"column":32}},"2":{"start":{"line":13,"column":2},"end":{"line":23,"column":3}},"3":{"start":{"line":27,"column":2},"end":{"line":29,"column":3}},"4":{"start":{"line":32,"column":27},"end":{"line":35,"column":1}}},"fnMap":{"0":{"name":"Signin","decl":{"start":{"line":7,"column":9},"end":{"line":7,"column":15}},"loc":{"start":{"line":7,"column":59},"end":{"line":24,"column":1}},"line":7},"1":{"name":"handleSubmit","decl":{"start":{"line":8,"column":11},"end":{"line":8,"column":23}},"loc":{"start":{"line":8,"column":27},"end":{"line":11,"column":3}},"line":8},"2":{"name":"mapStateToProps","decl":{"start":{"line":26,"column":9},"end":{"line":26,"column":24}},"loc":{"start":{"line":26,"column":64},"end":{"line":30,"column":1}},"line":26}},"branchMap":{},"s":{"0":0,"1":0,"2":0,"3":0,"4":0},"f":{"0":0,"1":0,"2":0},"b":{},"hash":"6c967be12eee152e0696f27e45cc5ff4b50eb743"}
,"/Users/simonhoyos/Documents/makeitreal/top/top-v6/testing/tasks/frontend/src/pages/Signup.js": {"path":"/Users/simonhoyos/Documents/makeitreal/top/top-v6/testing/tasks/frontend/src/pages/Signup.js","statementMap":{"0":{"start":{"line":9,"column":4},"end":{"line":9,"column":23}},"1":{"start":{"line":10,"column":4},"end":{"line":10,"column":32}},"2":{"start":{"line":13,"column":2},"end":{"line":23,"column":3}},"3":{"start":{"line":27,"column":2},"end":{"line":29,"column":3}},"4":{"start":{"line":32,"column":27},"end":{"line":35,"column":1}}},"fnMap":{"0":{"name":"Signup","decl":{"start":{"line":7,"column":9},"end":{"line":7,"column":15}},"loc":{"start":{"line":7,"column":59},"end":{"line":24,"column":1}},"line":7},"1":{"name":"handleSubmit","decl":{"start":{"line":8,"column":11},"end":{"line":8,"column":23}},"loc":{"start":{"line":8,"column":27},"end":{"line":11,"column":3}},"line":8},"2":{"name":"mapStateToProps","decl":{"start":{"line":26,"column":9},"end":{"line":26,"column":24}},"loc":{"start":{"line":26,"column":64},"end":{"line":30,"column":1}},"line":26}},"branchMap":{},"s":{"0":0,"1":0,"2":0,"3":0,"4":0},"f":{"0":0,"1":0,"2":0},"b":{},"hash":"f8e6abf08e01c2a9368709304431419edc9ab6e1"}
,"/Users/simonhoyos/Documents/makeitreal/top/top-v6/testing/tasks/frontend/src/store/index.js": {"path":"/Users/simonhoyos/Documents/makeitreal/top/top-v6/testing/tasks/frontend/src/store/index.js","statementMap":{"0":{"start":{"line":6,"column":20},"end":{"line":9,"column":2}},"1":{"start":{"line":11,"column":20},"end":{"line":11,"column":42}},"2":{"start":{"line":13,"column":21},"end":{"line":13,"column":58}}},"fnMap":{},"branchMap":{},"s":{"0":0,"1":0,"2":0},"f":{},"b":{},"hash":"36f02e268e8256779eb246db28b3324ebb751a3b"}
,"/Users/simonhoyos/Documents/makeitreal/top/top-v6/testing/tasks/frontend/src/store/tasksReducer.js": {"path":"/Users/simonhoyos/Documents/makeitreal/top/top-v6/testing/tasks/frontend/src/store/tasksReducer.js","statementMap":{"0":{"start":{"line":3,"column":25},"end":{"line":3,"column":36}},"1":{"start":{"line":4,"column":27},"end":{"line":4,"column":40}},"2":{"start":{"line":5,"column":29},"end":{"line":5,"column":44}},"3":{"start":{"line":6,"column":27},"end":{"line":6,"column":40}},"4":{"start":{"line":7,"column":27},"end":{"line":7,"column":40}},"5":{"start":{"line":10,"column":2},"end":{"line":25,"column":3}},"6":{"start":{"line":11,"column":18},"end":{"line":11,"column":47}},"7":{"start":{"line":12,"column":21},"end":{"line":19,"column":6}},"8":{"start":{"line":21,"column":4},"end":{"line":24,"column":7}},"9":{"start":{"line":29,"column":2},"end":{"line":46,"column":3}},"10":{"start":{"line":30,"column":18},"end":{"line":30,"column":47}},"11":{"start":{"line":31,"column":4},"end":{"line":40,"column":7}},"12":{"start":{"line":42,"column":4},"end":{"line":45,"column":7}},"13":{"start":{"line":50,"column":2},"end":{"line":65,"column":3}},"14":{"start":{"line":51,"column":18},"end":{"line":51,"column":47}},"15":{"start":{"line":52,"column":21},"end":{"line":59,"column":6}},"16":{"start":{"line":61,"column":4},"end":{"line":64,"column":7}},"17":{"start":{"line":69,"column":2},"end":{"line":84,"column":3}},"18":{"start":{"line":70,"column":18},"end":{"line":70,"column":47}},"19":{"start":{"line":71,"column":4},"end":{"line":78,"column":7}},"20":{"start":{"line":80,"column":4},"end":{"line":83,"column":7}},"21":{"start":{"line":88,"column":2},"end":{"line":93,"column":3}},"22":{"start":{"line":89,"column":4},"end":{"line":92,"column":6}},"23":{"start":{"line":96,"column":28},"end":{"line":100,"column":1}},"24":{"start":{"line":103,"column":2},"end":{"line":134,"column":3}},"25":{"start":{"line":105,"column":6},"end":{"line":108,"column":8}},"26":{"start":{"line":110,"column":6},"end":{"line":114,"column":8}},"27":{"start":{"line":116,"column":6},"end":{"line":121,"column":7}},"28":{"start":{"line":119,"column":10},"end":{"line":119,"column":58}},"29":{"start":{"line":123,"column":6},"end":{"line":126,"column":8}},"30":{"start":{"line":125,"column":47},"end":{"line":125,"column":62}},"31":{"start":{"line":128,"column":6},"end":{"line":131,"column":8}},"32":{"start":{"line":133,"column":6},"end":{"line":133,"column":19}}},"fnMap":{"0":{"name":"getTasks","decl":{"start":{"line":9,"column":16},"end":{"line":9,"column":24}},"loc":{"start":{"line":9,"column":27},"end":{"line":26,"column":1}},"line":9},"1":{"name":"(anonymous_1)","decl":{"start":{"line":10,"column":9},"end":{"line":10,"column":10}},"loc":{"start":{"line":10,"column":35},"end":{"line":25,"column":3}},"line":10},"2":{"name":"createTask","decl":{"start":{"line":28,"column":16},"end":{"line":28,"column":26}},"loc":{"start":{"line":28,"column":33},"end":{"line":47,"column":1}},"line":28},"3":{"name":"(anonymous_3)","decl":{"start":{"line":29,"column":9},"end":{"line":29,"column":10}},"loc":{"start":{"line":29,"column":35},"end":{"line":46,"column":3}},"line":29},"4":{"name":"completeTask","decl":{"start":{"line":49,"column":16},"end":{"line":49,"column":28}},"loc":{"start":{"line":49,"column":33},"end":{"line":66,"column":1}},"line":49},"5":{"name":"(anonymous_5)","decl":{"start":{"line":50,"column":9},"end":{"line":50,"column":10}},"loc":{"start":{"line":50,"column":35},"end":{"line":65,"column":3}},"line":50},"6":{"name":"deleteTask","decl":{"start":{"line":68,"column":16},"end":{"line":68,"column":26}},"loc":{"start":{"line":68,"column":31},"end":{"line":85,"column":1}},"line":68},"7":{"name":"(anonymous_7)","decl":{"start":{"line":69,"column":9},"end":{"line":69,"column":10}},"loc":{"start":{"line":69,"column":35},"end":{"line":84,"column":3}},"line":69},"8":{"name":"handleChange","decl":{"start":{"line":87,"column":16},"end":{"line":87,"column":28}},"loc":{"start":{"line":87,"column":52},"end":{"line":94,"column":1}},"line":87},"9":{"name":"(anonymous_9)","decl":{"start":{"line":88,"column":9},"end":{"line":88,"column":10}},"loc":{"start":{"line":88,"column":29},"end":{"line":93,"column":3}},"line":88},"10":{"name":"tasksReducer","decl":{"start":{"line":102,"column":16},"end":{"line":102,"column":28}},"loc":{"start":{"line":102,"column":70},"end":{"line":135,"column":1}},"line":102},"11":{"name":"(anonymous_11)","decl":{"start":{"line":118,"column":31},"end":{"line":118,"column":32}},"loc":{"start":{"line":118,"column":39},"end":{"line":120,"column":9}},"line":118},"12":{"name":"(anonymous_12)","decl":{"start":{"line":125,"column":34},"end":{"line":125,"column":35}},"loc":{"start":{"line":125,"column":47},"end":{"line":125,"column":62}},"line":125}},"branchMap":{"0":{"loc":{"start":{"line":102,"column":29},"end":{"line":102,"column":49}},"type":"default-arg","locations":[{"start":{"line":102,"column":37},"end":{"line":102,"column":49}}],"line":102},"1":{"loc":{"start":{"line":103,"column":2},"end":{"line":134,"column":3}},"type":"switch","locations":[{"start":{"line":104,"column":4},"end":{"line":108,"column":8}},{"start":{"line":109,"column":4},"end":{"line":114,"column":8}},{"start":{"line":115,"column":4},"end":{"line":121,"column":7}},{"start":{"line":122,"column":4},"end":{"line":126,"column":8}},{"start":{"line":127,"column":4},"end":{"line":131,"column":8}},{"start":{"line":132,"column":4},"end":{"line":133,"column":19}}],"line":103},"2":{"loc":{"start":{"line":119,"column":17},"end":{"line":119,"column":58}},"type":"cond-expr","locations":[{"start":{"line":119,"column":44},"end":{"line":119,"column":51}},{"start":{"line":119,"column":54},"end":{"line":119,"column":58}}],"line":119}},"s":{"0":2,"1":2,"2":2,"3":2,"4":2,"5":2,"6":2,"7":2,"8":1,"9":1,"10":1,"11":1,"12":1,"13":1,"14":1,"15":1,"16":1,"17":0,"18":0,"19":0,"20":0,"21":0,"22":0,"23":2,"24":4,"25":1,"26":1,"27":1,"28":3,"29":0,"30":0,"31":0,"32":1},"f":{"0":2,"1":2,"2":1,"3":1,"4":1,"5":1,"6":0,"7":0,"8":0,"9":0,"10":4,"11":3,"12":0},"b":{"0":[2],"1":[1,1,1,0,0,1],"2":[1,2]},"_coverageSchema":"43e27e138ebf9cfc5966b082cf9a028302ed4184","hash":"4a7d820a3c7d519c1146b59b23af743e82cdbedf"}
,"/Users/simonhoyos/Documents/makeitreal/top/top-v6/testing/tasks/frontend/src/store/usersReducer.js": {"path":"/Users/simonhoyos/Documents/makeitreal/top/top-v6/testing/tasks/frontend/src/store/usersReducer.js","statementMap":{"0":{"start":{"line":4,"column":28},"end":{"line":4,"column":42}},"1":{"start":{"line":5,"column":31},"end":{"line":5,"column":48}},"2":{"start":{"line":7,"column":18},"end":{"line":10,"column":1}},"3":{"start":{"line":13,"column":2},"end":{"line":18,"column":3}},"4":{"start":{"line":14,"column":4},"end":{"line":17,"column":7}},"5":{"start":{"line":22,"column":2},"end":{"line":39,"column":3}},"6":{"start":{"line":23,"column":4},"end":{"line":38,"column":5}},"7":{"start":{"line":24,"column":34},"end":{"line":32,"column":8}},"8":{"start":{"line":34,"column":6},"end":{"line":34,"column":43}},"9":{"start":{"line":35,"column":6},"end":{"line":35,"column":24}},"10":{"start":{"line":37,"column":6},"end":{"line":37,"column":25}},"11":{"start":{"line":43,"column":2},"end":{"line":60,"column":3}},"12":{"start":{"line":44,"column":4},"end":{"line":59,"column":5}},"13":{"start":{"line":45,"column":33},"end":{"line":53,"column":8}},"14":{"start":{"line":55,"column":6},"end":{"line":55,"column":43}},"15":{"start":{"line":56,"column":6},"end":{"line":56,"column":24}},"16":{"start":{"line":58,"column":6},"end":{"line":58,"column":25}},"17":{"start":{"line":63,"column":21},"end":{"line":66,"column":1}},"18":{"start":{"line":69,"column":2},"end":{"line":82,"column":3}},"19":{"start":{"line":71,"column":6},"end":{"line":74,"column":8}},"20":{"start":{"line":76,"column":6},"end":{"line":79,"column":8}},"21":{"start":{"line":81,"column":6},"end":{"line":81,"column":19}}},"fnMap":{"0":{"name":"handleChange","decl":{"start":{"line":12,"column":16},"end":{"line":12,"column":28}},"loc":{"start":{"line":12,"column":58},"end":{"line":19,"column":1}},"line":12},"1":{"name":"(anonymous_1)","decl":{"start":{"line":13,"column":9},"end":{"line":13,"column":10}},"loc":{"start":{"line":13,"column":29},"end":{"line":18,"column":3}},"line":13},"2":{"name":"signup","decl":{"start":{"line":21,"column":16},"end":{"line":21,"column":22}},"loc":{"start":{"line":21,"column":29},"end":{"line":40,"column":1}},"line":21},"3":{"name":"(anonymous_3)","decl":{"start":{"line":22,"column":9},"end":{"line":22,"column":10}},"loc":{"start":{"line":22,"column":35},"end":{"line":39,"column":3}},"line":22},"4":{"name":"signin","decl":{"start":{"line":42,"column":16},"end":{"line":42,"column":22}},"loc":{"start":{"line":42,"column":29},"end":{"line":61,"column":1}},"line":42},"5":{"name":"(anonymous_5)","decl":{"start":{"line":43,"column":9},"end":{"line":43,"column":10}},"loc":{"start":{"line":43,"column":35},"end":{"line":60,"column":3}},"line":43},"6":{"name":"usersReducer","decl":{"start":{"line":68,"column":16},"end":{"line":68,"column":28}},"loc":{"start":{"line":68,"column":70},"end":{"line":83,"column":1}},"line":68}},"branchMap":{"0":{"loc":{"start":{"line":68,"column":29},"end":{"line":68,"column":49}},"type":"default-arg","locations":[{"start":{"line":68,"column":37},"end":{"line":68,"column":49}}],"line":68},"1":{"loc":{"start":{"line":69,"column":2},"end":{"line":82,"column":3}},"type":"switch","locations":[{"start":{"line":70,"column":4},"end":{"line":74,"column":8}},{"start":{"line":75,"column":4},"end":{"line":79,"column":8}},{"start":{"line":80,"column":4},"end":{"line":81,"column":19}}],"line":69}},"s":{"0":0,"1":0,"2":0,"3":0,"4":0,"5":0,"6":0,"7":0,"8":0,"9":0,"10":0,"11":0,"12":0,"13":0,"14":0,"15":0,"16":0,"17":0,"18":0,"19":0,"20":0,"21":0},"f":{"0":0,"1":0,"2":0,"3":0,"4":0,"5":0,"6":0},"b":{"0":[0],"1":[0,0,0]},"hash":"7a3754ab7fee9401d1943f3431b7f206832325ef"}
,"/Users/simonhoyos/Documents/makeitreal/top/top-v6/testing/tasks/frontend/src/utils/history.js": {"path":"/Users/simonhoyos/Documents/makeitreal/top/top-v6/testing/tasks/frontend/src/utils/history.js","statementMap":{"0":{"start":{"line":3,"column":23},"end":{"line":3,"column":45}}},"fnMap":{},"branchMap":{},"s":{"0":0},"f":{},"b":{},"hash":"4f8ddad4a729853c81d7f05256b1fd5544946266"}
}
