TN:
SF:/Users/simonhoyos/Documents/makeitreal/top/top-v6/testing/tasks/frontend/src/App.js
FN:15,PrivateRoute
FN:24,App
FNF:2
FNH:0
FNDA:0,PrivateRoute
FNDA:0,App
DA:16,0
DA:18,0
DA:19,0
DA:25,0
LF:4
LH:0
BRDA:18,0,0,0
BRDA:18,0,1,0
BRF:2
BRH:0
end_of_record
TN:
SF:/Users/simonhoyos/Documents/makeitreal/top/top-v6/testing/tasks/frontend/src/index.js
FNF:0
FNH:0
DA:8,0
DA:20,0
LF:2
LH:0
BRF:0
BRH:0
end_of_record
TN:
SF:/Users/simonhoyos/Documents/makeitreal/top/top-v6/testing/tasks/frontend/src/serviceWorker.js
FN:23,register
FN:34,(anonymous_1)
FN:43,(anonymous_2)
FN:57,registerValidSW
FN:60,(anonymous_4)
FN:61,(anonymous_5)
FN:66,(anonymous_6)
FN:96,(anonymous_7)
FN:101,checkValidServiceWorker
FN:106,(anonymous_9)
FN:114,(anonymous_10)
FN:115,(anonymous_11)
FN:124,(anonymous_12)
FN:131,unregister
FN:134,(anonymous_14)
FN:137,(anonymous_15)
FNF:16
FNH:0
FNDA:0,register
FNDA:0,(anonymous_1)
FNDA:0,(anonymous_2)
FNDA:0,registerValidSW
FNDA:0,(anonymous_4)
FNDA:0,(anonymous_5)
FNDA:0,(anonymous_6)
FNDA:0,(anonymous_7)
FNDA:0,checkValidServiceWorker
FNDA:0,(anonymous_9)
FNDA:0,(anonymous_10)
FNDA:0,(anonymous_11)
FNDA:0,(anonymous_12)
FNDA:0,unregister
FNDA:0,(anonymous_14)
FNDA:0,(anonymous_15)
DA:13,0
DA:24,0
DA:26,0
DA:27,0
DA:31,0
DA:34,0
DA:35,0
DA:37,0
DA:39,0
DA:43,0
DA:44,0
DA:51,0
DA:58,0
DA:61,0
DA:62,0
DA:63,0
DA:64,0
DA:66,0
DA:67,0
DA:68,0
DA:72,0
DA:78,0
DA:79,0
DA:85,0
DA:88,0
DA:89,0
DA:97,0
DA:103,0
DA:108,0
DA:109,0
DA:114,0
DA:115,0
DA:116,0
DA:121,0
DA:125,0
DA:132,0
DA:133,0
DA:135,0
DA:138,0
LF:39
LH:0
BRDA:14,0,0,0
BRDA:14,0,1,0
BRDA:14,0,2,0
BRDA:24,1,0,0
BRDA:24,1,1,0
BRDA:24,2,0,0
BRDA:24,2,1,0
BRDA:27,3,0,0
BRDA:27,3,1,0
BRDA:37,4,0,0
BRDA:37,4,1,0
BRDA:63,5,0,0
BRDA:63,5,1,0
BRDA:67,6,0,0
BRDA:67,6,1,0
BRDA:68,7,0,0
BRDA:68,7,1,0
BRDA:78,8,0,0
BRDA:78,8,1,0
BRDA:78,9,0,0
BRDA:78,9,1,0
BRDA:88,10,0,0
BRDA:88,10,1,0
BRDA:88,11,0,0
BRDA:88,11,1,0
BRDA:109,12,0,0
BRDA:109,12,1,0
BRDA:110,13,0,0
BRDA:110,13,1,0
BRDA:110,13,2,0
BRDA:132,14,0,0
BRDA:132,14,1,0
BRF:32
BRH:0
end_of_record
TN:
SF:/Users/simonhoyos/Documents/makeitreal/top/top-v6/testing/tasks/frontend/src/components/NavBar.js
FN:4,NavBar
FNF:1
FNH:0
FNDA:0,NavBar
DA:5,0
DA:7,0
LF:2
LH:0
BRDA:10,0,0,0
BRDA:10,0,1,0
BRF:2
BRH:0
end_of_record
TN:
SF:/Users/simonhoyos/Documents/makeitreal/top/top-v6/testing/tasks/frontend/src/components/Task.js
FN:5,Task
FN:12,handleComplete
FN:16,handleDelete
FNF:3
FNH:0
FNDA:0,Task
FNDA:0,handleComplete
FNDA:0,handleDelete
DA:13,0
DA:17,0
DA:20,0
DA:42,1
LF:4
LH:1
BRDA:23,0,0,0
BRDA:23,0,1,0
BRDA:29,1,0,0
BRDA:29,1,1,0
BRF:4
BRH:0
end_of_record
TN:
SF:/Users/simonhoyos/Documents/makeitreal/top/top-v6/testing/tasks/frontend/src/components/TaskForm.js
FN:3,TaskForm
FNF:1
FNH:0
FNDA:0,TaskForm
DA:4,0
LF:1
LH:0
BRF:0
BRH:0
end_of_record
TN:
SF:/Users/simonhoyos/Documents/makeitreal/top/top-v6/testing/tasks/frontend/src/components/Tasks.js
FN:7,Tasks
FN:8,(anonymous_1)
FN:18,(anonymous_2)
FN:30,mapStateToProps
FNF:4
FNH:3
FNDA:1,Tasks
FNDA:1,(anonymous_1)
FNDA:0,(anonymous_2)
FNDA:1,mapStateToProps
DA:8,1
DA:9,1
DA:12,1
DA:19,0
DA:31,1
DA:34,1
LF:6
LH:5
BRDA:15,0,0,1
BRDA:15,0,1,1
BRDA:15,0,2,1
BRDA:18,1,0,1
BRDA:18,1,1,1
BRDA:18,1,2,0
BRF:6
BRH:5
end_of_record
TN:
SF:/Users/simonhoyos/Documents/makeitreal/top/top-v6/testing/tasks/frontend/src/components/UserForm.js
FN:3,UserForm
FNF:1
FNH:0
FNDA:0,UserForm
DA:4,0
LF:1
LH:0
BRF:0
BRH:0
end_of_record
TN:
SF:/Users/simonhoyos/Documents/makeitreal/top/top-v6/testing/tasks/frontend/src/pages/Create.js
FN:6,Create
FN:12,handleSubmit
FN:29,mapStateToProps
FNF:3
FNH:0
FNDA:0,Create
FNDA:0,handleSubmit
FNDA:0,mapStateToProps
DA:13,0
DA:14,0
DA:17,0
DA:30,0
DA:36,0
LF:5
LH:0
BRDA:24,0,0,0
BRDA:24,0,1,0
BRF:2
BRH:0
end_of_record
TN:
SF:/Users/simonhoyos/Documents/makeitreal/top/top-v6/testing/tasks/frontend/src/pages/Home.js
FN:4,Home
FNF:1
FNH:1
FNDA:1,Home
DA:5,1
LF:1
LH:1
BRF:0
BRH:0
end_of_record
TN:
SF:/Users/simonhoyos/Documents/makeitreal/top/top-v6/testing/tasks/frontend/src/pages/Signin.js
FN:7,Signin
FN:8,handleSubmit
FN:26,mapStateToProps
FNF:3
FNH:0
FNDA:0,Signin
FNDA:0,handleSubmit
FNDA:0,mapStateToProps
DA:9,0
DA:10,0
DA:13,0
DA:27,0
DA:32,0
LF:5
LH:0
BRF:0
BRH:0
end_of_record
TN:
SF:/Users/simonhoyos/Documents/makeitreal/top/top-v6/testing/tasks/frontend/src/pages/Signup.js
FN:7,Signup
FN:8,handleSubmit
FN:26,mapStateToProps
FNF:3
FNH:0
FNDA:0,Signup
FNDA:0,handleSubmit
FNDA:0,mapStateToProps
DA:9,0
DA:10,0
DA:13,0
DA:27,0
DA:32,0
LF:5
LH:0
BRF:0
BRH:0
end_of_record
TN:
SF:/Users/simonhoyos/Documents/makeitreal/top/top-v6/testing/tasks/frontend/src/store/index.js
FNF:0
FNH:0
DA:6,0
DA:11,0
DA:13,0
LF:3
LH:0
BRF:0
BRH:0
end_of_record
TN:
SF:/Users/simonhoyos/Documents/makeitreal/top/top-v6/testing/tasks/frontend/src/store/tasksReducer.js
FN:9,getTasks
FN:10,(anonymous_1)
FN:28,createTask
FN:29,(anonymous_3)
FN:49,completeTask
FN:50,(anonymous_5)
FN:68,deleteTask
FN:69,(anonymous_7)
FN:87,handleChange
FN:88,(anonymous_9)
FN:102,tasksReducer
FN:118,(anonymous_11)
FN:125,(anonymous_12)
FNF:13
FNH:8
FNDA:2,getTasks
FNDA:2,(anonymous_1)
FNDA:1,createTask
FNDA:1,(anonymous_3)
FNDA:1,completeTask
FNDA:1,(anonymous_5)
FNDA:0,deleteTask
FNDA:0,(anonymous_7)
FNDA:0,handleChange
FNDA:0,(anonymous_9)
FNDA:4,tasksReducer
FNDA:3,(anonymous_11)
FNDA:0,(anonymous_12)
DA:3,2
DA:4,2
DA:5,2
DA:6,2
DA:7,2
DA:10,2
DA:11,2
DA:12,2
DA:21,1
DA:29,1
DA:30,1
DA:31,1
DA:42,1
DA:50,1
DA:51,1
DA:52,1
DA:61,1
DA:69,0
DA:70,0
DA:71,0
DA:80,0
DA:88,0
DA:89,0
DA:96,2
DA:103,4
DA:105,1
DA:110,1
DA:116,1
DA:119,3
DA:123,0
DA:125,0
DA:128,0
DA:133,1
LF:33
LH:24
BRDA:102,0,0,2
BRDA:103,1,0,1
BRDA:103,1,1,1
BRDA:103,1,2,1
BRDA:103,1,3,0
BRDA:103,1,4,0
BRDA:103,1,5,1
BRDA:119,2,0,1
BRDA:119,2,1,2
BRF:9
BRH:7
end_of_record
TN:
SF:/Users/simonhoyos/Documents/makeitreal/top/top-v6/testing/tasks/frontend/src/store/usersReducer.js
FN:12,handleChange
FN:13,(anonymous_1)
FN:21,signup
FN:22,(anonymous_3)
FN:42,signin
FN:43,(anonymous_5)
FN:68,usersReducer
FNF:7
FNH:0
FNDA:0,handleChange
FNDA:0,(anonymous_1)
FNDA:0,signup
FNDA:0,(anonymous_3)
FNDA:0,signin
FNDA:0,(anonymous_5)
FNDA:0,usersReducer
DA:4,0
DA:5,0
DA:7,0
DA:13,0
DA:14,0
DA:22,0
DA:23,0
DA:24,0
DA:34,0
DA:35,0
DA:37,0
DA:43,0
DA:44,0
DA:45,0
DA:55,0
DA:56,0
DA:58,0
DA:63,0
DA:69,0
DA:71,0
DA:76,0
DA:81,0
LF:22
LH:0
BRDA:68,0,0,0
BRDA:69,1,0,0
BRDA:69,1,1,0
BRDA:69,1,2,0
BRF:4
BRH:0
end_of_record
TN:
SF:/Users/simonhoyos/Documents/makeitreal/top/top-v6/testing/tasks/frontend/src/utils/history.js
FNF:0
FNH:0
DA:3,0
LF:1
LH:0
BRF:0
BRH:0
end_of_record
