<?xml version="1.0" encoding="UTF-8"?>
<coverage generated="1598905678382" clover="3.2.0">
  <project timestamp="1598905678383" name="All files">
    <metrics statements="9" coveredstatements="9" conditionals="3" coveredconditionals="3" methods="6" coveredmethods="6" elements="18" coveredelements="18" complexity="0" loc="9" ncloc="9" packages="1" files="1" classes="1"/>
    <file name="index.js" path="/Users/simonhoyos/Documents/makeitreal/top/top-v6/testing/first-steps/index.js">
      <metrics statements="9" coveredstatements="9" conditionals="3" coveredconditionals="3" methods="6" coveredmethods="6"/>
      <line num="2" count="2" type="stmt"/>
      <line num="6" count="1" type="stmt"/>
      <line num="10" count="2" type="stmt"/>
      <line num="14" count="1" type="stmt"/>
      <line num="20" count="1" type="stmt"/>
      <line num="24" count="2" type="cond" truecount="2" falsecount="0"/>
      <line num="25" count="1" type="stmt"/>
      <line num="27" count="1" type="stmt"/>
      <line num="31" count="1" type="stmt"/>
    </file>
  </project>
</coverage>
